[2026-02-02 18:30:01] Watchdog: Gateway unresponsive. RESTARTING...
/Users/thomasvickers/.openclaw/workspace/tools/watchdog.sh: line 22: openclaw: command not found
[2026-02-02 18:30:01] Watchdog: Restart FAILED.
[2026-02-02 18:35:00] Watchdog: Gateway unresponsive. RESTARTING...
/Users/thomasvickers/.openclaw/workspace/tools/watchdog.sh: line 22: openclaw: command not found
[2026-02-02 18:35:00] Watchdog: Restart FAILED.
[2026-02-02 18:40:00] Watchdog: Gateway unresponsive. RESTARTING...
/Users/thomasvickers/.openclaw/workspace/tools/watchdog.sh: line 22: openclaw: command not found
[2026-02-02 18:40:00] Watchdog: Restart FAILED.
[2026-02-02 18:45:01] Watchdog: Gateway unresponsive. RESTARTING...
/Users/thomasvickers/.openclaw/workspace/tools/watchdog.sh: line 22: openclaw: command not found
[2026-02-02 18:45:01] Watchdog: Restart FAILED.
[2026-02-02 18:50:00] Watchdog: Gateway unresponsive. RESTARTING...
/Users/thomasvickers/.openclaw/workspace/tools/watchdog.sh: line 22: openclaw: command not found
[2026-02-02 18:50:00] Watchdog: Restart FAILED.
[2026-02-02 18:55:00] Watchdog: Gateway unresponsive. RESTARTING...
/Users/thomasvickers/.openclaw/workspace/tools/watchdog.sh: line 22: openclaw: command not found
[2026-02-02 18:55:00] Watchdog: Restart FAILED.
[2026-02-02 19:00:01] Watchdog: Gateway unresponsive. RESTARTING...
/Users/thomasvickers/.openclaw/workspace/tools/watchdog.sh: line 22: openclaw: command not found
[2026-02-02 19:00:01] Watchdog: Restart FAILED.
[2026-02-02 19:05:00] Watchdog: Gateway unresponsive. RESTARTING...
/Users/thomasvickers/.openclaw/workspace/tools/watchdog.sh: line 22: openclaw: command not found
[2026-02-02 19:05:00] Watchdog: Restart FAILED.
[2026-02-02 19:10:00] Watchdog: Gateway unresponsive. RESTARTING...
/Users/thomasvickers/.openclaw/workspace/tools/watchdog.sh: line 22: openclaw: command not found
[2026-02-02 19:10:00] Watchdog: Restart FAILED.
[2026-02-02 19:15:00] Watchdog: Gateway unresponsive. RESTARTING...
/Users/thomasvickers/.openclaw/workspace/tools/watchdog.sh: line 22: openclaw: command not found
[2026-02-02 19:15:00] Watchdog: Restart FAILED.
[2026-02-02 19:20:00] Watchdog: Gateway unresponsive. RESTARTING...
/Users/thomasvickers/.openclaw/workspace/tools/watchdog.sh: line 22: openclaw: command not found
[2026-02-02 19:20:00] Watchdog: Restart FAILED.
[2026-02-02 19:25:00] Watchdog: Gateway unresponsive. RESTARTING...
/Users/thomasvickers/.openclaw/workspace/tools/watchdog.sh: line 22: openclaw: command not found
[2026-02-02 19:25:00] Watchdog: Restart FAILED.
[2026-02-02 19:30:01] Watchdog: Gateway unresponsive. RESTARTING...
/Users/thomasvickers/.openclaw/workspace/tools/watchdog.sh: line 22: openclaw: command not found
[2026-02-02 19:30:01] Watchdog: Restart FAILED.
[2026-02-02 19:35:00] Watchdog: Gateway unresponsive. RESTARTING...
/Users/thomasvickers/.openclaw/workspace/tools/watchdog.sh: line 22: openclaw: command not found
[2026-02-02 19:35:00] Watchdog: Restart FAILED.
[2026-02-02 19:40:00] Watchdog: Gateway unresponsive. RESTARTING...
/Users/thomasvickers/.openclaw/workspace/tools/watchdog.sh: line 22: openclaw: command not found
[2026-02-02 19:40:00] Watchdog: Restart FAILED.
[2026-02-02 19:45:00] Watchdog: Gateway unresponsive. RESTARTING...
/Users/thomasvickers/.openclaw/workspace/tools/watchdog.sh: line 22: openclaw: command not found
[2026-02-02 19:45:00] Watchdog: Restart FAILED.
[2026-02-02 19:47:00] Watchdog: Gateway unresponsive. RESTARTING...
Restarted LaunchAgent: gui/501/ai.openclaw.gateway
[2026-02-02 19:47:00] Watchdog: Restart successful.
[2026-02-02 19:50:00] Watchdog: Gateway unresponsive. RESTARTING...
env: node: No such file or directory
[2026-02-02 19:50:00] Watchdog: Restart FAILED.
[2026-02-02 19:55:00] Watchdog: Gateway unresponsive. RESTARTING...
env: node: No such file or directory
[2026-02-02 19:55:00] Watchdog: Restart FAILED.
[2026-02-02 20:00:00] Watchdog: Gateway unresponsive. RESTARTING...
env: node: No such file or directory
[2026-02-02 20:00:00] Watchdog: Restart FAILED.
[2026-02-02 20:05:00] Watchdog: Gateway unresponsive. RESTARTING...
env: node: No such file or directory
[2026-02-02 20:05:00] Watchdog: Restart FAILED.
[2026-02-02 20:10:00] Watchdog: Gateway unresponsive. RESTARTING...
env: node: No such file or directory
[2026-02-02 20:10:00] Watchdog: Restart FAILED.
[2026-02-02 20:15:01] Watchdog: Gateway unresponsive. RESTARTING...
env: node: No such file or directory
[2026-02-02 20:15:01] Watchdog: Restart FAILED.
[2026-02-02 20:20:00] Watchdog: Gateway unresponsive. RESTARTING...
env: node: No such file or directory
[2026-02-02 20:20:00] Watchdog: Restart FAILED.
[2026-02-02 20:25:00] Watchdog: Gateway unresponsive. RESTARTING...
env: node: No such file or directory
[2026-02-02 20:25:00] Watchdog: Restart FAILED.
[2026-02-02 20:30:00] Watchdog: Gateway unresponsive. RESTARTING...
env: node: No such file or directory
[2026-02-02 20:30:00] Watchdog: Restart FAILED.
[2026-02-02 20:35:00] Watchdog: Gateway unresponsive. RESTARTING...
env: node: No such file or directory
[2026-02-02 20:35:00] Watchdog: Restart FAILED.
[2026-02-02 20:40:00] Watchdog: Gateway unresponsive. RESTARTING...
env: node: No such file or directory
[2026-02-02 20:40:00] Watchdog: Restart FAILED.
[2026-02-02 20:45:00] Watchdog: Gateway unresponsive. RESTARTING...
env: node: No such file or directory
[2026-02-02 20:45:00] Watchdog: Restart FAILED.
[2026-02-02 20:50:01] Watchdog: Gateway unresponsive. RESTARTING...
env: node: No such file or directory
[2026-02-02 20:50:01] Watchdog: Restart FAILED.
[2026-02-02 20:55:00] Watchdog: Gateway unresponsive. RESTARTING...
env: node: No such file or directory
[2026-02-02 20:55:00] Watchdog: Restart FAILED.
[2026-02-02 21:00:00] Watchdog: Gateway unresponsive. RESTARTING...
env: node: No such file or directory
[2026-02-02 21:00:00] Watchdog: Restart FAILED.
[2026-02-02 21:05:00] Watchdog: Gateway unresponsive. RESTARTING...
env: node: No such file or directory
[2026-02-02 21:05:00] Watchdog: Restart FAILED.
[2026-02-02 21:10:00] Watchdog: Gateway unresponsive. RESTARTING...
env: node: No such file or directory
[2026-02-02 21:10:00] Watchdog: Restart FAILED.
[2026-02-02 21:15:01] Watchdog: Gateway unresponsive. RESTARTING...
env: node: No such file or directory
[2026-02-02 21:15:01] Watchdog: Restart FAILED.
[2026-02-02 21:20:00] Watchdog: Gateway unresponsive. RESTARTING...
env: node: No such file or directory
[2026-02-02 21:20:00] Watchdog: Restart FAILED.
[2026-02-02 21:25:00] Watchdog: Gateway unresponsive. RESTARTING...
env: node: No such file or directory
[2026-02-02 21:25:00] Watchdog: Restart FAILED.
[2026-02-02 21:30:00] Watchdog: Gateway unresponsive. RESTARTING...
env: node: No such file or directory
[2026-02-02 21:30:00] Watchdog: Restart FAILED.
[2026-02-02 21:35:00] Watchdog: Gateway unresponsive. RESTARTING...
env: node: No such file or directory
[2026-02-02 21:35:00] Watchdog: Restart FAILED.
[2026-02-02 21:40:00] Watchdog: Gateway unresponsive. RESTARTING...
env: node: No such file or directory
[2026-02-02 21:40:00] Watchdog: Restart FAILED.
[2026-02-02 21:45:01] Watchdog: Gateway unresponsive. RESTARTING...
env: node: No such file or directory
[2026-02-02 21:45:01] Watchdog: Restart FAILED.
[2026-02-02 21:50:00] Watchdog: Gateway unresponsive. RESTARTING...
env: node: No such file or directory
[2026-02-02 21:50:00] Watchdog: Restart FAILED.
[2026-02-02 21:55:00] Watchdog: Gateway unresponsive. RESTARTING...
env: node: No such file or directory
[2026-02-02 21:55:00] Watchdog: Restart FAILED.
[2026-02-02 22:00:01] Watchdog: Gateway unresponsive. RESTARTING...
env: node: No such file or directory
[2026-02-02 22:00:01] Watchdog: Restart FAILED.
[2026-02-02 22:05:00] Watchdog: Gateway unresponsive. RESTARTING...
env: node: No such file or directory
[2026-02-02 22:05:00] Watchdog: Restart FAILED.
[2026-02-02 22:10:00] Watchdog: Gateway unresponsive. RESTARTING...
env: node: No such file or directory
[2026-02-02 22:10:00] Watchdog: Restart FAILED.
[2026-02-02 22:15:00] Watchdog: Gateway unresponsive. RESTARTING...
env: node: No such file or directory
[2026-02-02 22:15:00] Watchdog: Restart FAILED.
[2026-02-02 22:20:01] Watchdog: Gateway unresponsive. RESTARTING...
env: node: No such file or directory
[2026-02-02 22:20:01] Watchdog: Restart FAILED.
[2026-02-02 22:25:00] Watchdog: Gateway unresponsive. RESTARTING...
env: node: No such file or directory
[2026-02-02 22:25:00] Watchdog: Restart FAILED.
[2026-02-02 22:30:00] Watchdog: Gateway unresponsive. RESTARTING...
env: node: No such file or directory
[2026-02-02 22:30:00] Watchdog: Restart FAILED.
[2026-02-02 22:35:01] Watchdog: Gateway unresponsive. RESTARTING...
env: node: No such file or directory
[2026-02-02 22:35:01] Watchdog: Restart FAILED.
[2026-02-02 22:40:00] Watchdog: Gateway unresponsive. RESTARTING...
env: node: No such file or directory
[2026-02-02 22:40:00] Watchdog: Restart FAILED.
[2026-02-02 22:45:00] Watchdog: Gateway unresponsive. RESTARTING...
env: node: No such file or directory
[2026-02-02 22:45:00] Watchdog: Restart FAILED.
[2026-02-02 22:50:01] Watchdog: Gateway unresponsive. RESTARTING...
env: node: No such file or directory
[2026-02-02 22:50:01] Watchdog: Restart FAILED.
[2026-02-02 22:55:00] Watchdog: Gateway unresponsive. RESTARTING...
env: node: No such file or directory
[2026-02-02 22:55:00] Watchdog: Restart FAILED.
[2026-02-02 23:00:00] Watchdog: Gateway unresponsive. RESTARTING...
env: node: No such file or directory
[2026-02-02 23:00:00] Watchdog: Restart FAILED.
[2026-02-02 23:05:00] Watchdog: Gateway unresponsive. RESTARTING...
env: node: No such file or directory
[2026-02-02 23:05:00] Watchdog: Restart FAILED.
[2026-02-02 23:10:00] Watchdog: Gateway unresponsive. RESTARTING...
env: node: No such file or directory
[2026-02-02 23:10:00] Watchdog: Restart FAILED.
[2026-02-02 23:15:00] Watchdog: Gateway unresponsive. RESTARTING...
env: node: No such file or directory
[2026-02-02 23:15:00] Watchdog: Restart FAILED.
[2026-02-02 23:20:00] Watchdog: Gateway unresponsive. RESTARTING...
env: node: No such file or directory
[2026-02-02 23:20:00] Watchdog: Restart FAILED.
[2026-02-02 23:25:00] Watchdog: Gateway unresponsive. RESTARTING...
env: node: No such file or directory
[2026-02-02 23:25:00] Watchdog: Restart FAILED.
[2026-02-02 23:30:00] Watchdog: Gateway unresponsive. RESTARTING...
env: node: No such file or directory
[2026-02-02 23:30:00] Watchdog: Restart FAILED.
[2026-02-02 23:35:00] Watchdog: Gateway unresponsive. RESTARTING...
env: node: No such file or directory
[2026-02-02 23:35:00] Watchdog: Restart FAILED.
[2026-02-02 23:40:00] Watchdog: Gateway unresponsive. RESTARTING...
env: node: No such file or directory
[2026-02-02 23:40:00] Watchdog: Restart FAILED.
[2026-02-02 23:45:00] Watchdog: Gateway unresponsive. RESTARTING...
env: node: No such file or directory
[2026-02-02 23:45:00] Watchdog: Restart FAILED.
